<?xml version="1.0" encoding="UTF-8" ?>
<testsuite failures="0" time="1.316" errors="1" skipped="0" tests="1" name="test.TestExpressionReporitoryImpl">
  <properties>
[...]
</properties>
  <testcase time="1.316" classname="test.TestExpressionReporitoryImpl" name="test.TestExpressionReporitoryImpl">
    <error message="home" type="org.semanticweb.owlapi.io.OWLOntologyCreationIOException">org.semanticweb.owlapi.io.OWLOntologyCreationIOException: home
	at uk.ac.manchester.cs.owl.owlapi.OWLOntologyFactoryImpl.loadOWLOntology(OWLOntologyFactoryImpl.java:207)
	at uk.ac.manchester.cs.owl.owlapi.OWLOntologyManagerImpl.actualParse(OWLOntologyManagerImpl.java:1061)
	at uk.ac.manchester.cs.owl.owlapi.OWLOntologyManagerImpl.loadOntology(OWLOntologyManagerImpl.java:1017)
	at uk.ac.manchester.cs.owl.owlapi.OWLOntologyManagerImpl.loadOntologyFromOntologyDocument(OWLOntologyManagerImpl.java:960)
	at se.liu.imt.mi.snomedct.expressionrepository.ExpressionRepositoryImpl.&lt;init&gt;(ExpressionRepositoryImpl.java:105)
	at test.TestExpressionReporitoryImpl.oneTimeSetUp(TestExpressionReporitoryImpl.java:43)
	at sun.reflect.NativeMethodAccessorImpl.invoke0(Native Method)
	at sun.reflect.NativeMethodAccessorImpl.invoke(NativeMethodAccessorImpl.java:57)
	at sun.reflect.DelegatingMethodAccessorImpl.invoke(DelegatingMethodAccessorImpl.java:43)
	at java.lang.reflect.Method.invoke(Method.java:606)
	at org.junit.runners.model.FrameworkMethod$1.runReflectiveCall(FrameworkMethod.java:50)
	at org.junit.internal.runners.model.ReflectiveCallable.run(ReflectiveCallable.java:12)
	at org.junit.runners.model.FrameworkMethod.invokeExplosively(FrameworkMethod.java:47)
	at org.junit.internal.runners.statements.RunBefores.evaluate(RunBefores.java:24)
	at org.junit.internal.runners.statements.RunAfters.evaluate(RunAfters.java:27)
	at org.junit.runners.ParentRunner.run(ParentRunner.java:363)
	at org.apache.maven.surefire.junit4.JUnit4Provider.execute(JUnit4Provider.java:252)
	at org.apache.maven.surefire.junit4.JUnit4Provider.executeTestSet(JUnit4Provider.java:141)
	at org.apache.maven.surefire.junit4.JUnit4Provider.invoke(JUnit4Provider.java:112)
	at sun.reflect.NativeMethodAccessorImpl.invoke0(Native Method)
	at sun.reflect.NativeMethodAccessorImpl.invoke(NativeMethodAccessorImpl.java:57)
	at sun.reflect.DelegatingMethodAccessorImpl.invoke(DelegatingMethodAccessorImpl.java:43)
	at java.lang.reflect.Method.invoke(Method.java:606)
	at org.apache.maven.surefire.util.ReflectionUtils.invokeMethodWithArray(ReflectionUtils.java:189)
	at org.apache.maven.surefire.booter.ProviderFactory$ProviderProxy.invoke(ProviderFactory.java:165)
	at org.apache.maven.surefire.booter.ProviderFactory.invokeProvider(ProviderFactory.java:85)
	at org.apache.maven.surefire.booter.ForkedBooter.runSuitesInProcess(ForkedBooter.java:115)
	at org.apache.maven.surefire.booter.ForkedBooter.main(ForkedBooter.java:75)
Caused by: java.net.UnknownHostException: home
	at java.net.AbstractPlainSocketImpl.connect(AbstractPlainSocketImpl.java:178)
	at java.net.Socket.connect(Socket.java:579)
	at sun.net.ftp.impl.FtpClient.doConnect(FtpClient.java:953)
	at sun.net.ftp.impl.FtpClient.tryConnect(FtpClient.java:918)
	at sun.net.ftp.impl.FtpClient.connect(FtpClient.java:1013)
	at sun.net.ftp.impl.FtpClient.connect(FtpClient.java:999)
	at sun.net.www.protocol.ftp.FtpURLConnection.connect(FtpURLConnection.java:294)
	at sun.net.www.protocol.ftp.FtpURLConnection.getInputStream(FtpURLConnection.java:393)
	at org.semanticweb.owlapi.io.AbstractOWLParser.getInputStreamFromContentEncoding(AbstractOWLParser.java:165)
	at org.semanticweb.owlapi.io.AbstractOWLParser.getInputStream(AbstractOWLParser.java:127)
	at org.semanticweb.owlapi.io.AbstractOWLParser.getInputSource(AbstractOWLParser.java:232)
	at org.semanticweb.owlapi.rdf.rdfxml.parser.RDFXMLParser.parse(RDFXMLParser.java:72)
	at uk.ac.manchester.cs.owl.owlapi.OWLOntologyFactoryImpl.loadOWLOntology(OWLOntologyFactoryImpl.java:197)
	... 27 more
</error>
    <system-out>2016-07-20 22:32:14,062 [main] DEBUG org.apache.commons.configuration.ConfigurationUtils - ConfigurationUtils.locate(): base is null, name is config.xml
2016-07-20 22:32:14,063 [main] DEBUG org.apache.commons.configuration.DefaultFileSystem - Could not locate file config.xml at null: no protocol: config.xml
2016-07-20 22:32:14,069 [main] DEBUG org.apache.commons.configuration.ConfigurationUtils - Loading configuration from the context classpath (config.xml)
2016-07-20 22:32:14,106 [main] DEBUG se.liu.imt.mi.snomedct.expressionrepository.ExpressionRepositoryImpl - Configuration in &apos;config.xml&apos; loaded
2016-07-20 22:32:14,256 [main] DEBUG se.liu.imt.mi.snomedct.expressionrepository.ExpressionRepositoryImpl - DataStore initialized
2016-07-20 22:32:14,994 [main] DEBUG se.liu.imt.mi.snomedct.expressionrepository.ExpressionRepositoryImpl - Starting to load ontology into memory
2016-07-20 22:32:15,154 [main] DEBUG se.liu.imt.mi.snomedct.expressionrepository.ExpressionRepositoryImpl - Exception
org.semanticweb.owlapi.io.OWLOntologyCreationIOException: home
	at uk.ac.manchester.cs.owl.owlapi.OWLOntologyFactoryImpl.loadOWLOntology(OWLOntologyFactoryImpl.java:207)
	at uk.ac.manchester.cs.owl.owlapi.OWLOntologyManagerImpl.actualParse(OWLOntologyManagerImpl.java:1061)
	at uk.ac.manchester.cs.owl.owlapi.OWLOntologyManagerImpl.loadOntology(OWLOntologyManagerImpl.java:1017)
	at uk.ac.manchester.cs.owl.owlapi.OWLOntologyManagerImpl.loadOntologyFromOntologyDocument(OWLOntologyManagerImpl.java:960)
	at se.liu.imt.mi.snomedct.expressionrepository.ExpressionRepositoryImpl.&lt;init&gt;(ExpressionRepositoryImpl.java:105)
	at test.TestExpressionReporitoryImpl.oneTimeSetUp(TestExpressionReporitoryImpl.java:43)
	at sun.reflect.NativeMethodAccessorImpl.invoke0(Native Method)
	at sun.reflect.NativeMethodAccessorImpl.invoke(NativeMethodAccessorImpl.java:57)
	at sun.reflect.DelegatingMethodAccessorImpl.invoke(DelegatingMethodAccessorImpl.java:43)
	at java.lang.reflect.Method.invoke(Method.java:606)
	at org.junit.runners.model.FrameworkMethod$1.runReflectiveCall(FrameworkMethod.java:50)
	at org.junit.internal.runners.model.ReflectiveCallable.run(ReflectiveCallable.java:12)
	at org.junit.runners.model.FrameworkMethod.invokeExplosively(FrameworkMethod.java:47)
	at org.junit.internal.runners.statements.RunBefores.evaluate(RunBefores.java:24)
	at org.junit.internal.runners.statements.RunAfters.evaluate(RunAfters.java:27)
	at org.junit.runners.ParentRunner.run(ParentRunner.java:363)
	at org.apache.maven.surefire.junit4.JUnit4Provider.execute(JUnit4Provider.java:252)
	at org.apache.maven.surefire.junit4.JUnit4Provider.executeTestSet(JUnit4Provider.java:141)
	at org.apache.maven.surefire.junit4.JUnit4Provider.invoke(JUnit4Provider.java:112)
	at sun.reflect.NativeMethodAccessorImpl.invoke0(Native Method)
	at sun.reflect.NativeMethodAccessorImpl.invoke(NativeMethodAccessorImpl.java:57)
	at sun.reflect.DelegatingMethodAccessorImpl.invoke(DelegatingMethodAccessorImpl.java:43)
	at java.lang.reflect.Method.invoke(Method.java:606)
	at org.apache.maven.surefire.util.ReflectionUtils.invokeMethodWithArray(ReflectionUtils.java:189)
	at org.apache.maven.surefire.booter.ProviderFactory$ProviderProxy.invoke(ProviderFactory.java:165)
	at org.apache.maven.surefire.booter.ProviderFactory.invokeProvider(ProviderFactory.java:85)
	at org.apache.maven.surefire.booter.ForkedBooter.runSuitesInProcess(ForkedBooter.java:115)
	at org.apache.maven.surefire.booter.ForkedBooter.main(ForkedBooter.java:75)
Caused by: java.net.UnknownHostException: home
	at java.net.AbstractPlainSocketImpl.connect(AbstractPlainSocketImpl.java:178)
	at java.net.Socket.connect(Socket.java:579)
	at sun.net.ftp.impl.FtpClient.doConnect(FtpClient.java:953)
	at sun.net.ftp.impl.FtpClient.tryConnect(FtpClient.java:918)
	at sun.net.ftp.impl.FtpClient.connect(FtpClient.java:1013)
	at sun.net.ftp.impl.FtpClient.connect(FtpClient.java:999)
	at sun.net.www.protocol.ftp.FtpURLConnection.connect(FtpURLConnection.java:294)
	at sun.net.www.protocol.ftp.FtpURLConnection.getInputStream(FtpURLConnection.java:393)
	at org.semanticweb.owlapi.io.AbstractOWLParser.getInputStreamFromContentEncoding(AbstractOWLParser.java:165)
	at org.semanticweb.owlapi.io.AbstractOWLParser.getInputStream(AbstractOWLParser.java:127)
	at org.semanticweb.owlapi.io.AbstractOWLParser.getInputSource(AbstractOWLParser.java:232)
	at org.semanticweb.owlapi.rdf.rdfxml.parser.RDFXMLParser.parse(RDFXMLParser.java:72)
	at uk.ac.manchester.cs.owl.owlapi.OWLOntologyFactoryImpl.loadOWLOntology(OWLOntologyFactoryImpl.java:197)
	... 27 more
2016-07-20 22:32:15,156 [main] DEBUG org.apache.commons.configuration.ConfigurationUtils - ConfigurationUtils.locate(): base is null, name is config.xml
2016-07-20 22:32:15,156 [main] DEBUG org.apache.commons.configuration.DefaultFileSystem - Could not locate file config.xml at null: no protocol: config.xml
2016-07-20 22:32:15,156 [main] DEBUG org.apache.commons.configuration.ConfigurationUtils - Loading configuration from the context classpath (config.xml)
2016-07-20 22:32:15,200 [main] DEBUG test.TestExpressionReporitoryImpl - Restored to 7/20/16 10:32 PM
</system-out>
  </testcase>
</testsuite>